<?xml version="1.0" encoding="UTF-8"?>
<!-- Generated by org.testng.reporters.JUnitReportReporter -->
<testsuite hostname="Karlo" failures="0" tests="3" name="rahulshettyacademy.tests.SubmitOrderTest" time="56.525" errors="0" timestamp="2024-03-29T22:09:49 IST" skipped="0">
  <testcase classname="rahulshettyacademy.tests.SubmitOrderTest" name="OrderHistoryTest" time="10.436"/>
  <testcase classname="rahulshettyacademy.tests.SubmitOrderTest" name="submitOrder" time="23.210"/>
  <testcase classname="rahulshettyacademy.tests.SubmitOrderTest" name="submitOrder" time="22.879"/>
</testsuite> <!-- rahulshettyacademy.tests.SubmitOrderTest -->
