<?xml version="1.0" encoding="UTF-8"?>
<!-- Generated by org.testng.reporters.JUnitReportReporter -->
<testsuite hostname="Karlo" failures="0" tests="1" name="rahulshettyacademy.pageobjects.SubmitOrderTest" time="14.178" errors="0" timestamp="2024-03-24T20:22:53 IST" skipped="0">
  <testcase classname="rahulshettyacademy.pageobjects.SubmitOrderTest" name="submitOrder" time="14.178"/>
</testsuite> <!-- rahulshettyacademy.pageobjects.SubmitOrderTest -->
