<?xml version="1.0" encoding="UTF-8"?>
<!-- Generated by org.testng.reporters.JUnitReportReporter -->
<testsuite hostname="Karlo" failures="0" tests="1" name="rahulshettyacademy.tests.ErrorValidations" time="7.701" errors="0" timestamp="2024-03-24T23:01:16 IST" skipped="0">
  <testcase classname="rahulshettyacademy.tests.ErrorValidations" name="submitOrder" time="7.701"/>
</testsuite> <!-- rahulshettyacademy.tests.ErrorValidations -->
