<?xml version="1.0" encoding="UTF-8"?>
<!-- Generated by org.testng.reporters.JUnitReportReporter -->
<testsuite hostname="Karlo" failures="0" tests="1" name="rahulshettyacademy.tests.ErrorValidationsTest" time="8.876" errors="0" timestamp="2024-04-07T17:06:32 IST" skipped="0">
  <testcase classname="rahulshettyacademy.tests.ErrorValidationsTest" name="LoginErrorValidation" time="8.876"/>
</testsuite> <!-- rahulshettyacademy.tests.ErrorValidationsTest -->
