<?xml version="1.0" encoding="UTF-8"?>
<!-- Generated by org.testng.reporters.JUnitReportReporter -->
<testsuite hostname="Karlo" failures="0" tests="3" name="rahulshettyacademy.tests.ErrorValidationsTest" time="38.582" errors="0" timestamp="2024-04-07T17:23:32 IST" skipped="1">
  <testcase classname="rahulshettyacademy.tests.ErrorValidationsTest" name="LoginErrorValidation" time="7.871"/>
  <testcase classname="rahulshettyacademy.tests.ErrorValidationsTest" name="ProductErrorValidation" time="9.440">
    <skipped/>
  </testcase> <!-- ProductErrorValidation -->
  <testcase classname="rahulshettyacademy.tests.ErrorValidationsTest" name="ProductErrorValidation" time="21.271"/>
</testsuite> <!-- rahulshettyacademy.tests.ErrorValidationsTest -->
