<?xml version="1.0" encoding="UTF-8"?>
<!-- Generated by org.testng.reporters.JUnitReportReporter -->
<testsuite hostname="Karlo" failures="0" tests="2" name="rahulshettyacademy.tests.ErrorValidationsTest" time="42.132" errors="0" timestamp="2024-03-30T15:49:41 IST" skipped="0">
  <testcase classname="rahulshettyacademy.tests.ErrorValidationsTest" name="LoginErrorValidation" time="8.892"/>
  <testcase classname="rahulshettyacademy.tests.ErrorValidationsTest" name="ProductErrorValidation" time="33.240"/>
</testsuite> <!-- rahulshettyacademy.tests.ErrorValidationsTest -->
